18:34:42.382 [main] INFO  node.Application - Starting Application using Java 11.0.12 on MSI with PID 28548 (D:\Perigea\slide\JavaEE\workspaceJavaEE\MySpringProject\target\classes started by aregu in D:\Perigea\slide\JavaEE\workspaceJavaEE\MySpringProject)
18:34:42.384 [main] INFO  node.Application - No active profile set, falling back to default profiles: default
18:34:43.101 [main] INFO  o.s.d.r.c.RepositoryConfigurationDelegate - Bootstrapping Spring Data JPA repositories in DEFAULT mode.
18:34:43.137 [main] INFO  o.s.d.r.c.RepositoryConfigurationDelegate - Finished Spring Data repository scanning in 30 ms. Found 1 JPA repository interfaces.
18:34:43.469 [main] INFO  o.s.b.w.e.tomcat.TomcatWebServer - Tomcat initialized with port(s): 9091 (http)
18:34:43.475 [main] INFO  o.a.coyote.http11.Http11NioProtocol - Initializing ProtocolHandler ["http-nio-9091"]
18:34:43.475 [main] INFO  o.a.catalina.core.StandardService - Starting service [Tomcat]
18:34:43.477 [main] INFO  o.a.catalina.core.StandardEngine - Starting Servlet engine: [Apache Tomcat/9.0.54]
18:34:43.565 [main] INFO  o.a.c.c.C.[Tomcat].[localhost].[/] - Initializing Spring embedded WebApplicationContext
18:34:43.566 [main] INFO  o.s.b.w.s.c.ServletWebServerApplicationContext - Root WebApplicationContext: initialization completed in 1152 ms
18:34:43.737 [main] INFO  o.h.jpa.internal.util.LogHelper - HHH000204: Processing PersistenceUnitInfo [name: default]
18:34:43.766 [main] INFO  org.hibernate.Version - HHH000412: Hibernate ORM core version 5.4.32.Final
18:34:43.839 [main] INFO  o.h.annotations.common.Version - HCANN000001: Hibernate Commons Annotations {5.1.2.Final}
18:34:43.907 [main] INFO  com.zaxxer.hikari.HikariDataSource - HikariPool-1 - Starting...
18:34:43.992 [main] INFO  com.zaxxer.hikari.HikariDataSource - HikariPool-1 - Start completed.
18:34:44.003 [main] INFO  org.hibernate.dialect.Dialect - HHH000400: Using dialect: org.hibernate.dialect.PostgreSQLDialect
18:34:44.573 [main] INFO  o.h.e.t.j.p.i.JtaPlatformInitiator - HHH000490: Using JtaPlatform implementation: [org.hibernate.engine.transaction.jta.platform.internal.NoJtaPlatform]
18:34:44.581 [main] INFO  o.s.o.j.LocalContainerEntityManagerFactoryBean - Initialized JPA EntityManagerFactory for persistence unit 'default'
18:34:44.876 [main] WARN  o.s.b.a.o.j.JpaBaseConfiguration$JpaWebConfiguration - spring.jpa.open-in-view is enabled by default. Therefore, database queries may be performed during view rendering. Explicitly configure spring.jpa.open-in-view to disable this warning
18:34:45.000 [main] INFO  o.s.b.a.e.web.EndpointLinksResolver - Exposing 1 endpoint(s) beneath base path '/actuator'
18:34:45.264 [main] INFO  o.a.coyote.http11.Http11NioProtocol - Starting ProtocolHandler ["http-nio-9091"]
18:34:45.301 [main] INFO  o.s.b.w.e.tomcat.TomcatWebServer - Tomcat started on port(s): 9091 (http) with context path ''
18:34:45.302 [main] INFO  s.d.s.w.p.DocumentationPluginsBootstrapper - Context refreshed
18:34:45.313 [main] INFO  s.d.s.w.p.DocumentationPluginsBootstrapper - Found 1 custom documentation plugin(s)
18:34:45.320 [main] INFO  s.d.s.w.s.ApiListingReferenceScanner - Scanning for api listing references
18:34:45.429 [main] INFO  s.d.s.w.r.o.CachingOperationNameGenerator - Generating unique operation named: handleUsingGET_1
18:34:45.454 [main] INFO  node.Application - Started Application in 3.373 seconds (JVM running for 4.279)
18:38:11.123 [http-nio-9091-exec-1] INFO  o.a.c.c.C.[Tomcat].[localhost].[/] - Initializing Spring DispatcherServlet 'dispatcherServlet'
18:38:11.124 [http-nio-9091-exec-1] INFO  o.s.web.servlet.DispatcherServlet - Initializing Servlet 'dispatcherServlet'
18:38:11.125 [http-nio-9091-exec-1] INFO  o.s.web.servlet.DispatcherServlet - Completed initialization in 1 ms
18:39:00.614 [http-nio-9091-exec-4] INFO  node.controller.RuoloController - getListRuoli - START
18:39:00.715 [http-nio-9091-exec-4] INFO  node.controller.RuoloController - getListRuoli - response of count : 0
18:39:23.766 [http-nio-9091-exec-8] INFO  node.controller.RuoloController - getListRuoli - START
18:39:23.768 [http-nio-9091-exec-8] INFO  node.controller.RuoloController - getListRuoli - response of count : 0
18:49:41.953 [RMI TCP Connection(2)-127.0.0.1] INFO  o.s.b.a.SpringApplicationAdminMXBeanRegistrar$SpringApplicationAdmin - Application shutdown requested.
18:49:42.434 [RMI TCP Connection(2)-127.0.0.1] INFO  o.s.o.j.LocalContainerEntityManagerFactoryBean - Closing JPA EntityManagerFactory for persistence unit 'default'
18:49:42.437 [RMI TCP Connection(2)-127.0.0.1] INFO  com.zaxxer.hikari.HikariDataSource - HikariPool-1 - Shutdown initiated...
18:49:42.447 [RMI TCP Connection(2)-127.0.0.1] INFO  com.zaxxer.hikari.HikariDataSource - HikariPool-1 - Shutdown completed.
19:56:03.513 [main] INFO  node.Application - Starting Application using Java 11.0.12 on MSI with PID 19820 (D:\Perigea\slide\Perigea Tutoring\JavaEE\workspaceJavaEE\MySpringProject\target\classes started by aregu in D:\Perigea\slide\Perigea Tutoring\JavaEE\workspaceJavaEE\MySpringProject)
19:56:03.515 [main] INFO  node.Application - No active profile set, falling back to default profiles: default
19:56:04.199 [main] INFO  o.s.d.r.c.RepositoryConfigurationDelegate - Bootstrapping Spring Data JPA repositories in DEFAULT mode.
19:56:04.235 [main] INFO  o.s.d.r.c.RepositoryConfigurationDelegate - Finished Spring Data repository scanning in 30 ms. Found 1 JPA repository interfaces.
19:56:04.550 [main] INFO  o.s.b.w.e.tomcat.TomcatWebServer - Tomcat initialized with port(s): 9091 (http)
19:56:04.556 [main] INFO  o.a.coyote.http11.Http11NioProtocol - Initializing ProtocolHandler ["http-nio-9091"]
19:56:04.556 [main] INFO  o.a.catalina.core.StandardService - Starting service [Tomcat]
19:56:04.557 [main] INFO  o.a.catalina.core.StandardEngine - Starting Servlet engine: [Apache Tomcat/9.0.54]
19:56:04.645 [main] INFO  o.a.c.c.C.[Tomcat].[localhost].[/] - Initializing Spring embedded WebApplicationContext
19:56:04.645 [main] INFO  o.s.b.w.s.c.ServletWebServerApplicationContext - Root WebApplicationContext: initialization completed in 1101 ms
19:56:04.814 [main] INFO  o.h.jpa.internal.util.LogHelper - HHH000204: Processing PersistenceUnitInfo [name: default]
19:56:04.842 [main] INFO  org.hibernate.Version - HHH000412: Hibernate ORM core version 5.4.32.Final
19:56:04.915 [main] INFO  o.h.annotations.common.Version - HCANN000001: Hibernate Commons Annotations {5.1.2.Final}
19:56:04.978 [main] INFO  com.zaxxer.hikari.HikariDataSource - HikariPool-1 - Starting...
19:56:05.057 [main] INFO  com.zaxxer.hikari.HikariDataSource - HikariPool-1 - Start completed.
19:56:05.068 [main] INFO  org.hibernate.dialect.Dialect - HHH000400: Using dialect: org.hibernate.dialect.PostgreSQLDialect
19:56:05.649 [main] INFO  o.h.e.t.j.p.i.JtaPlatformInitiator - HHH000490: Using JtaPlatform implementation: [org.hibernate.engine.transaction.jta.platform.internal.NoJtaPlatform]
19:56:05.657 [main] INFO  o.s.o.j.LocalContainerEntityManagerFactoryBean - Initialized JPA EntityManagerFactory for persistence unit 'default'
19:56:05.951 [main] WARN  o.s.b.a.o.j.JpaBaseConfiguration$JpaWebConfiguration - spring.jpa.open-in-view is enabled by default. Therefore, database queries may be performed during view rendering. Explicitly configure spring.jpa.open-in-view to disable this warning
19:56:06.070 [main] INFO  o.s.b.a.e.web.EndpointLinksResolver - Exposing 1 endpoint(s) beneath base path '/actuator'
19:56:06.325 [main] INFO  o.a.coyote.http11.Http11NioProtocol - Starting ProtocolHandler ["http-nio-9091"]
19:56:06.362 [main] INFO  o.s.b.w.e.tomcat.TomcatWebServer - Tomcat started on port(s): 9091 (http) with context path ''
19:56:06.363 [main] INFO  s.d.s.w.p.DocumentationPluginsBootstrapper - Context refreshed
19:56:06.373 [main] INFO  s.d.s.w.p.DocumentationPluginsBootstrapper - Found 1 custom documentation plugin(s)
19:56:06.380 [main] INFO  s.d.s.w.s.ApiListingReferenceScanner - Scanning for api listing references
19:56:06.480 [main] INFO  s.d.s.w.r.o.CachingOperationNameGenerator - Generating unique operation named: handleUsingGET_1
19:56:06.505 [main] INFO  node.Application - Started Application in 3.29 seconds (JVM running for 4.182)
19:56:18.154 [http-nio-9091-exec-1] INFO  o.a.c.c.C.[Tomcat].[localhost].[/] - Initializing Spring DispatcherServlet 'dispatcherServlet'
19:56:18.156 [http-nio-9091-exec-1] INFO  o.s.web.servlet.DispatcherServlet - Initializing Servlet 'dispatcherServlet'
19:56:18.157 [http-nio-9091-exec-1] INFO  o.s.web.servlet.DispatcherServlet - Completed initialization in 1 ms
09:39:17.502 [HikariPool-1 housekeeper] WARN  com.zaxxer.hikari.pool.HikariPool - HikariPool-1 - Thread starvation or clock leap detected (housekeeper delta=13h42m42s328ms874µs800ns).
09:52:13.148 [RMI TCP Connection(2)-127.0.0.1] INFO  o.s.b.a.SpringApplicationAdminMXBeanRegistrar$SpringApplicationAdmin - Application shutdown requested.
09:52:13.586 [RMI TCP Connection(2)-127.0.0.1] INFO  o.s.o.j.LocalContainerEntityManagerFactoryBean - Closing JPA EntityManagerFactory for persistence unit 'default'
09:52:13.590 [RMI TCP Connection(2)-127.0.0.1] INFO  com.zaxxer.hikari.HikariDataSource - HikariPool-1 - Shutdown initiated...
09:52:13.599 [RMI TCP Connection(2)-127.0.0.1] INFO  com.zaxxer.hikari.HikariDataSource - HikariPool-1 - Shutdown completed.
18:07:32.056 [main] INFO  node.Application - Starting Application using Java 11.0.12 on MSI with PID 6192 (D:\Perigea\slide\Perigea Tutoring\JavaEE\workspaceJavaEE\MySpringProject\target\classes started by aregu in D:\Perigea\slide\Perigea Tutoring\JavaEE\workspaceJavaEE\MySpringProject)
18:07:32.058 [main] INFO  node.Application - No active profile set, falling back to default profiles: default
18:07:32.858 [main] INFO  o.s.d.r.c.RepositoryConfigurationDelegate - Bootstrapping Spring Data JPA repositories in DEFAULT mode.
18:07:32.901 [main] INFO  o.s.d.r.c.RepositoryConfigurationDelegate - Finished Spring Data repository scanning in 35 ms. Found 1 JPA repository interfaces.
18:07:33.261 [main] INFO  o.s.b.w.e.tomcat.TomcatWebServer - Tomcat initialized with port(s): 9091 (http)
18:07:33.267 [main] INFO  o.a.coyote.http11.Http11NioProtocol - Initializing ProtocolHandler ["http-nio-9091"]
18:07:33.267 [main] INFO  o.a.catalina.core.StandardService - Starting service [Tomcat]
18:07:33.268 [main] INFO  o.a.catalina.core.StandardEngine - Starting Servlet engine: [Apache Tomcat/9.0.54]
18:07:33.377 [main] INFO  o.a.c.c.C.[Tomcat].[localhost].[/] - Initializing Spring embedded WebApplicationContext
18:07:33.378 [main] INFO  o.s.b.w.s.c.ServletWebServerApplicationContext - Root WebApplicationContext: initialization completed in 1282 ms
18:07:33.576 [main] INFO  o.h.jpa.internal.util.LogHelper - HHH000204: Processing PersistenceUnitInfo [name: default]
18:07:33.611 [main] INFO  org.hibernate.Version - HHH000412: Hibernate ORM core version 5.4.32.Final
18:07:33.693 [main] INFO  o.h.annotations.common.Version - HCANN000001: Hibernate Commons Annotations {5.1.2.Final}
18:07:33.764 [main] INFO  com.zaxxer.hikari.HikariDataSource - HikariPool-1 - Starting...
18:07:33.866 [main] INFO  com.zaxxer.hikari.HikariDataSource - HikariPool-1 - Start completed.
18:07:33.877 [main] INFO  org.hibernate.dialect.Dialect - HHH000400: Using dialect: org.hibernate.dialect.PostgreSQLDialect
18:07:34.469 [main] INFO  o.h.e.t.j.p.i.JtaPlatformInitiator - HHH000490: Using JtaPlatform implementation: [org.hibernate.engine.transaction.jta.platform.internal.NoJtaPlatform]
18:07:34.477 [main] INFO  o.s.o.j.LocalContainerEntityManagerFactoryBean - Initialized JPA EntityManagerFactory for persistence unit 'default'
18:07:34.757 [main] WARN  o.s.b.a.o.j.JpaBaseConfiguration$JpaWebConfiguration - spring.jpa.open-in-view is enabled by default. Therefore, database queries may be performed during view rendering. Explicitly configure spring.jpa.open-in-view to disable this warning
18:07:34.881 [main] INFO  o.s.b.a.e.web.EndpointLinksResolver - Exposing 1 endpoint(s) beneath base path '/actuator'
18:07:35.149 [main] INFO  o.a.coyote.http11.Http11NioProtocol - Starting ProtocolHandler ["http-nio-9091"]
18:07:35.170 [main] INFO  o.s.b.w.e.tomcat.TomcatWebServer - Tomcat started on port(s): 9091 (http) with context path ''
18:07:35.170 [main] INFO  s.d.s.w.p.DocumentationPluginsBootstrapper - Context refreshed
18:07:35.180 [main] INFO  s.d.s.w.p.DocumentationPluginsBootstrapper - Found 1 custom documentation plugin(s)
18:07:35.187 [main] INFO  s.d.s.w.s.ApiListingReferenceScanner - Scanning for api listing references
18:07:35.296 [main] INFO  s.d.s.w.r.o.CachingOperationNameGenerator - Generating unique operation named: handleUsingGET_1
18:07:35.322 [main] INFO  node.Application - Started Application in 3.574 seconds (JVM running for 4.549)
18:08:58.760 [http-nio-9091-exec-1] INFO  o.a.c.c.C.[Tomcat].[localhost].[/] - Initializing Spring DispatcherServlet 'dispatcherServlet'
18:08:58.761 [http-nio-9091-exec-1] INFO  o.s.web.servlet.DispatcherServlet - Initializing Servlet 'dispatcherServlet'
18:08:58.762 [http-nio-9091-exec-1] INFO  o.s.web.servlet.DispatcherServlet - Completed initialization in 1 ms
00:02:43.880 [HikariPool-1 housekeeper] WARN  com.zaxxer.hikari.pool.HikariPool - HikariPool-1 - Thread starvation or clock leap detected (housekeeper delta=3h20m37s349ms26µs500ns).
11:15:39.214 [HikariPool-1 housekeeper] WARN  com.zaxxer.hikari.pool.HikariPool - HikariPool-1 - Thread starvation or clock leap detected (housekeeper delta=10h54m55s46ms253µs600ns).
08:43:17.756 [HikariPool-1 housekeeper] WARN  com.zaxxer.hikari.pool.HikariPool - HikariPool-1 - Thread starvation or clock leap detected (housekeeper delta=12h13m28s256ms402µs200ns).
21:53:13.477 [HikariPool-1 housekeeper] WARN  com.zaxxer.hikari.pool.HikariPool - HikariPool-1 - Thread starvation or clock leap detected (housekeeper delta=1h23m13s138ms189µs800ns).
08:42:48.218 [HikariPool-1 housekeeper] WARN  com.zaxxer.hikari.pool.HikariPool - HikariPool-1 - Thread starvation or clock leap detected (housekeeper delta=8h36m32s598ms56µs800ns).
15:41:42.425 [RMI TCP Connection(2)-127.0.0.1] INFO  o.s.b.a.SpringApplicationAdminMXBeanRegistrar$SpringApplicationAdmin - Application shutdown requested.
15:41:42.857 [RMI TCP Connection(2)-127.0.0.1] INFO  o.s.o.j.LocalContainerEntityManagerFactoryBean - Closing JPA EntityManagerFactory for persistence unit 'default'
15:41:42.867 [RMI TCP Connection(2)-127.0.0.1] INFO  com.zaxxer.hikari.HikariDataSource - HikariPool-1 - Shutdown initiated...
15:41:42.875 [RMI TCP Connection(2)-127.0.0.1] INFO  com.zaxxer.hikari.HikariDataSource - HikariPool-1 - Shutdown completed.
15:28:30.876 [main] INFO  node.Application - Starting Application using Java 11.0.12 on MSI with PID 3608 (D:\Perigea\slide\Perigea Tutoring\JavaEE\workspaceJavaEE\MySpringProject\target\classes started by aregu in D:\Perigea\slide\Perigea Tutoring\JavaEE\workspaceJavaEE\MySpringProject)
15:28:30.878 [main] INFO  node.Application - No active profile set, falling back to default profiles: default
15:28:31.656 [main] INFO  o.s.d.r.c.RepositoryConfigurationDelegate - Bootstrapping Spring Data JPA repositories in DEFAULT mode.
15:28:31.701 [main] INFO  o.s.d.r.c.RepositoryConfigurationDelegate - Finished Spring Data repository scanning in 37 ms. Found 1 JPA repository interfaces.
15:28:32.073 [main] INFO  o.s.b.w.e.tomcat.TomcatWebServer - Tomcat initialized with port(s): 9091 (http)
15:28:32.080 [main] INFO  o.a.coyote.http11.Http11NioProtocol - Initializing ProtocolHandler ["http-nio-9091"]
15:28:32.080 [main] INFO  o.a.catalina.core.StandardService - Starting service [Tomcat]
15:28:32.081 [main] INFO  o.a.catalina.core.StandardEngine - Starting Servlet engine: [Apache Tomcat/9.0.54]
15:28:32.182 [main] INFO  o.a.c.c.C.[Tomcat].[localhost].[/] - Initializing Spring embedded WebApplicationContext
15:28:32.182 [main] INFO  o.s.b.w.s.c.ServletWebServerApplicationContext - Root WebApplicationContext: initialization completed in 1273 ms
15:28:32.379 [main] INFO  o.h.jpa.internal.util.LogHelper - HHH000204: Processing PersistenceUnitInfo [name: default]
15:28:32.411 [main] INFO  org.hibernate.Version - HHH000412: Hibernate ORM core version 5.4.32.Final
15:28:32.491 [main] INFO  o.h.annotations.common.Version - HCANN000001: Hibernate Commons Annotations {5.1.2.Final}
15:28:32.566 [main] INFO  com.zaxxer.hikari.HikariDataSource - HikariPool-1 - Starting...
15:28:32.660 [main] INFO  com.zaxxer.hikari.HikariDataSource - HikariPool-1 - Start completed.
15:28:32.673 [main] INFO  org.hibernate.dialect.Dialect - HHH000400: Using dialect: org.hibernate.dialect.PostgreSQLDialect
15:28:33.393 [main] INFO  o.h.e.t.j.p.i.JtaPlatformInitiator - HHH000490: Using JtaPlatform implementation: [org.hibernate.engine.transaction.jta.platform.internal.NoJtaPlatform]
15:28:33.403 [main] INFO  o.s.o.j.LocalContainerEntityManagerFactoryBean - Initialized JPA EntityManagerFactory for persistence unit 'default'
15:28:33.726 [main] WARN  o.s.b.a.o.j.JpaBaseConfiguration$JpaWebConfiguration - spring.jpa.open-in-view is enabled by default. Therefore, database queries may be performed during view rendering. Explicitly configure spring.jpa.open-in-view to disable this warning
15:28:33.864 [main] INFO  o.s.b.a.e.web.EndpointLinksResolver - Exposing 1 endpoint(s) beneath base path '/actuator'
15:28:34.157 [main] INFO  o.a.coyote.http11.Http11NioProtocol - Starting ProtocolHandler ["http-nio-9091"]
15:28:34.202 [main] INFO  o.s.b.w.e.tomcat.TomcatWebServer - Tomcat started on port(s): 9091 (http) with context path ''
15:28:34.203 [main] INFO  s.d.s.w.p.DocumentationPluginsBootstrapper - Context refreshed
15:28:34.213 [main] INFO  s.d.s.w.p.DocumentationPluginsBootstrapper - Found 1 custom documentation plugin(s)
15:28:34.221 [main] INFO  s.d.s.w.s.ApiListingReferenceScanner - Scanning for api listing references
15:28:34.339 [main] INFO  s.d.s.w.r.o.CachingOperationNameGenerator - Generating unique operation named: handleUsingGET_1
15:28:34.370 [main] INFO  node.Application - Started Application in 3.835 seconds (JVM running for 4.97)
15:28:40.042 [http-nio-9091-exec-1] INFO  o.a.c.c.C.[Tomcat].[localhost].[/] - Initializing Spring DispatcherServlet 'dispatcherServlet'
15:28:40.043 [http-nio-9091-exec-1] INFO  o.s.web.servlet.DispatcherServlet - Initializing Servlet 'dispatcherServlet'
15:28:40.047 [http-nio-9091-exec-1] INFO  o.s.web.servlet.DispatcherServlet - Completed initialization in 4 ms
15:28:44.898 [http-nio-9091-exec-6] INFO  node.controller.RuoloController - getListRuoli - START
15:28:45.013 [http-nio-9091-exec-6] INFO  node.controller.RuoloController - getListRuoli - response of count : 0
15:29:50.068 [RMI TCP Connection(2)-127.0.0.1] INFO  o.s.b.a.SpringApplicationAdminMXBeanRegistrar$SpringApplicationAdmin - Application shutdown requested.
15:29:50.448 [RMI TCP Connection(2)-127.0.0.1] INFO  o.s.o.j.LocalContainerEntityManagerFactoryBean - Closing JPA EntityManagerFactory for persistence unit 'default'
15:29:50.450 [RMI TCP Connection(2)-127.0.0.1] INFO  com.zaxxer.hikari.HikariDataSource - HikariPool-1 - Shutdown initiated...
15:29:50.460 [RMI TCP Connection(2)-127.0.0.1] INFO  com.zaxxer.hikari.HikariDataSource - HikariPool-1 - Shutdown completed.
15:41:17.834 [main] INFO  node.Application - Starting Application using Java 11.0.12 on MSI with PID 4344 (D:\Perigea\slide\Perigea Tutoring\JavaEE\workspaceJavaEE\MySpringProject\target\classes started by aregu in D:\Perigea\slide\Perigea Tutoring\JavaEE\workspaceJavaEE\MySpringProject)
15:41:17.836 [main] INFO  node.Application - No active profile set, falling back to default profiles: default
15:41:18.622 [main] INFO  o.s.d.r.c.RepositoryConfigurationDelegate - Bootstrapping Spring Data JPA repositories in DEFAULT mode.
15:41:18.662 [main] INFO  o.s.d.r.c.RepositoryConfigurationDelegate - Finished Spring Data repository scanning in 34 ms. Found 1 JPA repository interfaces.
15:41:19.021 [main] INFO  o.s.b.w.e.tomcat.TomcatWebServer - Tomcat initialized with port(s): 9091 (http)
15:41:19.028 [main] INFO  o.a.coyote.http11.Http11NioProtocol - Initializing ProtocolHandler ["http-nio-9091"]
15:41:19.028 [main] INFO  o.a.catalina.core.StandardService - Starting service [Tomcat]
15:41:19.029 [main] INFO  o.a.catalina.core.StandardEngine - Starting Servlet engine: [Apache Tomcat/9.0.54]
15:41:19.152 [main] INFO  o.a.c.c.C.[Tomcat].[localhost].[/] - Initializing Spring embedded WebApplicationContext
15:41:19.153 [main] INFO  o.s.b.w.s.c.ServletWebServerApplicationContext - Root WebApplicationContext: initialization completed in 1283 ms
15:41:19.361 [main] INFO  o.h.jpa.internal.util.LogHelper - HHH000204: Processing PersistenceUnitInfo [name: default]
15:41:19.396 [main] INFO  org.hibernate.Version - HHH000412: Hibernate ORM core version 5.4.32.Final
15:41:19.483 [main] INFO  o.h.annotations.common.Version - HCANN000001: Hibernate Commons Annotations {5.1.2.Final}
15:41:19.561 [main] INFO  com.zaxxer.hikari.HikariDataSource - HikariPool-1 - Starting...
15:41:19.662 [main] INFO  com.zaxxer.hikari.HikariDataSource - HikariPool-1 - Start completed.
15:41:19.673 [main] INFO  org.hibernate.dialect.Dialect - HHH000400: Using dialect: org.hibernate.dialect.PostgreSQLDialect
15:41:20.282 [main] INFO  o.h.e.t.j.p.i.JtaPlatformInitiator - HHH000490: Using JtaPlatform implementation: [org.hibernate.engine.transaction.jta.platform.internal.NoJtaPlatform]
15:41:20.291 [main] INFO  o.s.o.j.LocalContainerEntityManagerFactoryBean - Initialized JPA EntityManagerFactory for persistence unit 'default'
15:41:20.594 [main] WARN  o.s.b.a.o.j.JpaBaseConfiguration$JpaWebConfiguration - spring.jpa.open-in-view is enabled by default. Therefore, database queries may be performed during view rendering. Explicitly configure spring.jpa.open-in-view to disable this warning
15:41:20.736 [main] INFO  o.s.b.a.e.web.EndpointLinksResolver - Exposing 1 endpoint(s) beneath base path '/actuator'
15:41:21.089 [main] INFO  o.a.coyote.http11.Http11NioProtocol - Starting ProtocolHandler ["http-nio-9091"]
15:41:21.112 [main] INFO  o.s.b.w.e.tomcat.TomcatWebServer - Tomcat started on port(s): 9091 (http) with context path ''
15:41:21.113 [main] INFO  s.d.s.w.p.DocumentationPluginsBootstrapper - Context refreshed
15:41:21.124 [main] INFO  s.d.s.w.p.DocumentationPluginsBootstrapper - Found 1 custom documentation plugin(s)
15:41:21.136 [main] INFO  s.d.s.w.s.ApiListingReferenceScanner - Scanning for api listing references
15:41:21.267 [main] INFO  s.d.s.w.r.o.CachingOperationNameGenerator - Generating unique operation named: handleUsingGET_1
15:41:21.275 [http-nio-9091-exec-1] INFO  o.a.c.c.C.[Tomcat].[localhost].[/] - Initializing Spring DispatcherServlet 'dispatcherServlet'
15:41:21.276 [http-nio-9091-exec-1] INFO  o.s.web.servlet.DispatcherServlet - Initializing Servlet 'dispatcherServlet'
15:41:21.280 [http-nio-9091-exec-1] INFO  o.s.web.servlet.DispatcherServlet - Completed initialization in 3 ms
15:41:21.302 [http-nio-9091-exec-1] INFO  node.controller.RuoloController - getListRuoli - START
15:41:21.305 [main] INFO  node.Application - Started Application in 3.796 seconds (JVM running for 4.864)
15:41:21.437 [http-nio-9091-exec-1] INFO  node.controller.RuoloController - getListRuoli - response of count : 1
15:41:27.397 [http-nio-9091-exec-2] INFO  node.controller.RuoloController - getListRuoli - START
15:41:27.400 [http-nio-9091-exec-2] INFO  node.controller.RuoloController - getListRuoli - response of count : 1
09:40:26.342 [main] INFO  node.Application - Starting Application using Java 11.0.12 on MSI with PID 13928 (D:\Perigea\slide\Perigea Tutoring\JavaEE\workspaceJavaEE\MySpringProject\target\classes started by aregu in D:\Perigea\slide\Perigea Tutoring\JavaEE\workspaceJavaEE\MySpringProject)
09:40:26.370 [main] INFO  node.Application - No active profile set, falling back to default profiles: default
09:40:27.236 [main] INFO  o.s.d.r.c.RepositoryConfigurationDelegate - Bootstrapping Spring Data JPA repositories in DEFAULT mode.
09:40:27.285 [main] INFO  o.s.d.r.c.RepositoryConfigurationDelegate - Finished Spring Data repository scanning in 42 ms. Found 1 JPA repository interfaces.
09:40:27.715 [main] INFO  o.s.b.w.e.tomcat.TomcatWebServer - Tomcat initialized with port(s): 9091 (http)
09:40:27.722 [main] INFO  o.a.coyote.http11.Http11NioProtocol - Initializing ProtocolHandler ["http-nio-9091"]
09:40:27.723 [main] INFO  o.a.catalina.core.StandardService - Starting service [Tomcat]
09:40:27.723 [main] INFO  o.a.catalina.core.StandardEngine - Starting Servlet engine: [Apache Tomcat/9.0.54]
09:40:27.826 [main] INFO  o.a.c.c.C.[Tomcat].[localhost].[/] - Initializing Spring embedded WebApplicationContext
09:40:27.826 [main] INFO  o.s.b.w.s.c.ServletWebServerApplicationContext - Root WebApplicationContext: initialization completed in 1421 ms
09:40:28.038 [main] INFO  o.h.jpa.internal.util.LogHelper - HHH000204: Processing PersistenceUnitInfo [name: default]
09:40:28.106 [main] INFO  org.hibernate.Version - HHH000412: Hibernate ORM core version 5.4.32.Final
09:40:28.249 [main] INFO  o.h.annotations.common.Version - HCANN000001: Hibernate Commons Annotations {5.1.2.Final}
09:40:28.353 [main] INFO  com.zaxxer.hikari.HikariDataSource - HikariPool-1 - Starting...
09:40:28.450 [main] INFO  com.zaxxer.hikari.HikariDataSource - HikariPool-1 - Start completed.
09:40:28.467 [main] INFO  org.hibernate.dialect.Dialect - HHH000400: Using dialect: org.hibernate.dialect.PostgreSQLDialect
09:40:29.216 [main] INFO  o.h.e.t.j.p.i.JtaPlatformInitiator - HHH000490: Using JtaPlatform implementation: [org.hibernate.engine.transaction.jta.platform.internal.NoJtaPlatform]
09:40:29.226 [main] INFO  o.s.o.j.LocalContainerEntityManagerFactoryBean - Initialized JPA EntityManagerFactory for persistence unit 'default'
09:40:29.775 [main] WARN  o.s.b.a.o.j.JpaBaseConfiguration$JpaWebConfiguration - spring.jpa.open-in-view is enabled by default. Therefore, database queries may be performed during view rendering. Explicitly configure spring.jpa.open-in-view to disable this warning
09:40:29.914 [main] INFO  o.s.b.a.e.web.EndpointLinksResolver - Exposing 1 endpoint(s) beneath base path '/actuator'
09:40:30.241 [main] INFO  o.a.coyote.http11.Http11NioProtocol - Starting ProtocolHandler ["http-nio-9091"]
09:40:30.245 [main] WARN  o.s.b.w.s.c.AnnotationConfigServletWebServerApplicationContext - Exception encountered during context initialization - cancelling refresh attempt: org.springframework.context.ApplicationContextException: Failed to start bean 'webServerStartStop'; nested exception is org.springframework.boot.web.server.PortInUseException: Port 9091 is already in use
09:40:30.248 [main] INFO  o.s.o.j.LocalContainerEntityManagerFactoryBean - Closing JPA EntityManagerFactory for persistence unit 'default'
09:40:30.251 [main] INFO  com.zaxxer.hikari.HikariDataSource - HikariPool-1 - Shutdown initiated...
09:40:30.260 [main] INFO  com.zaxxer.hikari.HikariDataSource - HikariPool-1 - Shutdown completed.
09:40:30.265 [main] INFO  o.a.coyote.http11.Http11NioProtocol - Pausing ProtocolHandler ["http-nio-9091"]
09:40:30.265 [main] INFO  o.a.catalina.core.StandardService - Stopping service [Tomcat]
09:40:30.268 [main] INFO  o.a.coyote.http11.Http11NioProtocol - Stopping ProtocolHandler ["http-nio-9091"]
09:40:30.268 [main] INFO  o.a.coyote.http11.Http11NioProtocol - Destroying ProtocolHandler ["http-nio-9091"]
09:40:30.278 [main] INFO  o.s.b.a.l.ConditionEvaluationReportLoggingListener - 

Error starting ApplicationContext. To display the conditions report re-run your application with 'debug' enabled.
09:40:30.290 [main] ERROR o.s.b.d.LoggingFailureAnalysisReporter - 

***************************
APPLICATION FAILED TO START
***************************

Description:

Web server failed to start. Port 9091 was already in use.

Action:

Identify and stop the process that's listening on port 9091 or configure this application to listen on another port.

09:40:39.742 [RMI TCP Connection(2)-127.0.0.1] INFO  o.s.b.a.SpringApplicationAdminMXBeanRegistrar$SpringApplicationAdmin - Application shutdown requested.
09:40:40.221 [RMI TCP Connection(2)-127.0.0.1] INFO  o.s.o.j.LocalContainerEntityManagerFactoryBean - Closing JPA EntityManagerFactory for persistence unit 'default'
09:40:40.231 [RMI TCP Connection(2)-127.0.0.1] INFO  com.zaxxer.hikari.HikariDataSource - HikariPool-1 - Shutdown initiated...
09:40:40.243 [RMI TCP Connection(2)-127.0.0.1] INFO  com.zaxxer.hikari.HikariDataSource - HikariPool-1 - Shutdown completed.
09:40:44.379 [main] INFO  node.Application - Starting Application using Java 11.0.12 on MSI with PID 16836 (D:\Perigea\slide\Perigea Tutoring\JavaEE\workspaceJavaEE\MySpringProject\target\classes started by aregu in D:\Perigea\slide\Perigea Tutoring\JavaEE\workspaceJavaEE\MySpringProject)
09:40:44.384 [main] INFO  node.Application - No active profile set, falling back to default profiles: default
09:40:45.440 [main] INFO  o.s.d.r.c.RepositoryConfigurationDelegate - Bootstrapping Spring Data JPA repositories in DEFAULT mode.
09:40:45.489 [main] INFO  o.s.d.r.c.RepositoryConfigurationDelegate - Finished Spring Data repository scanning in 40 ms. Found 1 JPA repository interfaces.
09:40:45.955 [main] INFO  o.s.b.w.e.tomcat.TomcatWebServer - Tomcat initialized with port(s): 9091 (http)
09:40:45.961 [main] INFO  o.a.coyote.http11.Http11NioProtocol - Initializing ProtocolHandler ["http-nio-9091"]
09:40:45.962 [main] INFO  o.a.catalina.core.StandardService - Starting service [Tomcat]
09:40:45.962 [main] INFO  o.a.catalina.core.StandardEngine - Starting Servlet engine: [Apache Tomcat/9.0.54]
09:40:46.062 [main] INFO  o.a.c.c.C.[Tomcat].[localhost].[/] - Initializing Spring embedded WebApplicationContext
09:40:46.062 [main] INFO  o.s.b.w.s.c.ServletWebServerApplicationContext - Root WebApplicationContext: initialization completed in 1632 ms
09:40:46.265 [main] INFO  o.h.jpa.internal.util.LogHelper - HHH000204: Processing PersistenceUnitInfo [name: default]
09:40:46.300 [main] INFO  org.hibernate.Version - HHH000412: Hibernate ORM core version 5.4.32.Final
09:40:46.386 [main] INFO  o.h.annotations.common.Version - HCANN000001: Hibernate Commons Annotations {5.1.2.Final}
09:40:46.460 [main] INFO  com.zaxxer.hikari.HikariDataSource - HikariPool-1 - Starting...
09:40:46.556 [main] INFO  com.zaxxer.hikari.HikariDataSource - HikariPool-1 - Start completed.
09:40:46.567 [main] INFO  org.hibernate.dialect.Dialect - HHH000400: Using dialect: org.hibernate.dialect.PostgreSQLDialect
09:40:47.226 [main] INFO  o.h.e.t.j.p.i.JtaPlatformInitiator - HHH000490: Using JtaPlatform implementation: [org.hibernate.engine.transaction.jta.platform.internal.NoJtaPlatform]
09:40:47.234 [main] INFO  o.s.o.j.LocalContainerEntityManagerFactoryBean - Initialized JPA EntityManagerFactory for persistence unit 'default'
09:40:47.732 [main] WARN  o.s.b.a.o.j.JpaBaseConfiguration$JpaWebConfiguration - spring.jpa.open-in-view is enabled by default. Therefore, database queries may be performed during view rendering. Explicitly configure spring.jpa.open-in-view to disable this warning
09:40:47.918 [main] INFO  o.s.b.a.e.web.EndpointLinksResolver - Exposing 1 endpoint(s) beneath base path '/actuator'
09:40:48.306 [main] INFO  o.a.coyote.http11.Http11NioProtocol - Starting ProtocolHandler ["http-nio-9091"]
09:40:48.330 [main] INFO  o.s.b.w.e.tomcat.TomcatWebServer - Tomcat started on port(s): 9091 (http) with context path ''
09:40:48.331 [main] INFO  s.d.s.w.p.DocumentationPluginsBootstrapper - Context refreshed
09:40:48.354 [main] INFO  s.d.s.w.p.DocumentationPluginsBootstrapper - Found 1 custom documentation plugin(s)
09:40:48.367 [main] INFO  s.d.s.w.s.ApiListingReferenceScanner - Scanning for api listing references
09:40:48.525 [main] INFO  s.d.s.w.r.o.CachingOperationNameGenerator - Generating unique operation named: handleUsingGET_1
09:40:48.560 [main] INFO  node.Application - Started Application in 4.632 seconds (JVM running for 6.088)
09:41:30.860 [main] INFO  node.Application - Starting Application using Java 11.0.12 on MSI with PID 17900 (D:\Perigea\slide\Perigea Tutoring\JavaEE\workspaceJavaEE\MySpringProject\target\classes started by aregu in D:\Perigea\slide\Perigea Tutoring\JavaEE\workspaceJavaEE\MySpringProject)
09:41:30.867 [main] INFO  node.Application - No active profile set, falling back to default profiles: default
09:41:31.699 [main] INFO  o.s.d.r.c.RepositoryConfigurationDelegate - Bootstrapping Spring Data JPA repositories in DEFAULT mode.
09:41:31.740 [main] INFO  o.s.d.r.c.RepositoryConfigurationDelegate - Finished Spring Data repository scanning in 35 ms. Found 1 JPA repository interfaces.
09:41:32.125 [main] INFO  o.s.b.w.e.tomcat.TomcatWebServer - Tomcat initialized with port(s): 9091 (http)
09:41:32.131 [main] INFO  o.a.coyote.http11.Http11NioProtocol - Initializing ProtocolHandler ["http-nio-9091"]
09:41:32.131 [main] INFO  o.a.catalina.core.StandardService - Starting service [Tomcat]
09:41:32.131 [main] INFO  o.a.catalina.core.StandardEngine - Starting Servlet engine: [Apache Tomcat/9.0.54]
09:41:32.255 [main] INFO  o.a.c.c.C.[Tomcat].[localhost].[/] - Initializing Spring embedded WebApplicationContext
09:41:32.255 [main] INFO  o.s.b.w.s.c.ServletWebServerApplicationContext - Root WebApplicationContext: initialization completed in 1354 ms
09:41:32.466 [main] INFO  o.h.jpa.internal.util.LogHelper - HHH000204: Processing PersistenceUnitInfo [name: default]
09:41:32.504 [main] INFO  org.hibernate.Version - HHH000412: Hibernate ORM core version 5.4.32.Final
09:41:32.592 [main] INFO  o.h.annotations.common.Version - HCANN000001: Hibernate Commons Annotations {5.1.2.Final}
09:41:32.667 [main] INFO  com.zaxxer.hikari.HikariDataSource - HikariPool-1 - Starting...
09:41:32.771 [main] INFO  com.zaxxer.hikari.HikariDataSource - HikariPool-1 - Start completed.
09:41:32.782 [main] INFO  org.hibernate.dialect.Dialect - HHH000400: Using dialect: org.hibernate.dialect.PostgreSQLDialect
09:41:33.368 [main] INFO  o.h.e.t.j.p.i.JtaPlatformInitiator - HHH000490: Using JtaPlatform implementation: [org.hibernate.engine.transaction.jta.platform.internal.NoJtaPlatform]
09:41:33.376 [main] INFO  o.s.o.j.LocalContainerEntityManagerFactoryBean - Initialized JPA EntityManagerFactory for persistence unit 'default'
09:41:33.750 [main] WARN  o.s.b.a.o.j.JpaBaseConfiguration$JpaWebConfiguration - spring.jpa.open-in-view is enabled by default. Therefore, database queries may be performed during view rendering. Explicitly configure spring.jpa.open-in-view to disable this warning
09:41:33.890 [main] INFO  o.s.b.a.e.web.EndpointLinksResolver - Exposing 1 endpoint(s) beneath base path '/actuator'
09:41:34.181 [main] INFO  o.a.coyote.http11.Http11NioProtocol - Starting ProtocolHandler ["http-nio-9091"]
09:41:34.201 [main] INFO  o.s.b.w.e.tomcat.TomcatWebServer - Tomcat started on port(s): 9091 (http) with context path ''
09:41:34.202 [main] INFO  s.d.s.w.p.DocumentationPluginsBootstrapper - Context refreshed
09:41:34.214 [main] INFO  s.d.s.w.p.DocumentationPluginsBootstrapper - Found 1 custom documentation plugin(s)
09:41:34.223 [main] INFO  s.d.s.w.s.ApiListingReferenceScanner - Scanning for api listing references
09:41:34.340 [main] INFO  s.d.s.w.r.o.CachingOperationNameGenerator - Generating unique operation named: handleUsingGET_1
09:41:34.369 [main] INFO  node.Application - Started Application in 3.853 seconds (JVM running for 4.931)
09:41:47.500 [http-nio-9091-exec-1] INFO  o.a.c.c.C.[Tomcat].[localhost].[/] - Initializing Spring DispatcherServlet 'dispatcherServlet'
09:41:47.501 [http-nio-9091-exec-1] INFO  o.s.web.servlet.DispatcherServlet - Initializing Servlet 'dispatcherServlet'
09:41:47.504 [http-nio-9091-exec-1] INFO  o.s.web.servlet.DispatcherServlet - Completed initialization in 3 ms
09:50:11.582 [main] INFO  node.Application - Starting Application using Java 11.0.12 on MSI with PID 29340 (D:\Perigea\slide\Perigea Tutoring\JavaEE\workspaceJavaEE\MySpringProject\target\classes started by aregu in D:\Perigea\slide\Perigea Tutoring\JavaEE\workspaceJavaEE\MySpringProject)
09:50:11.587 [main] INFO  node.Application - No active profile set, falling back to default profiles: default
09:50:12.583 [main] INFO  o.s.d.r.c.RepositoryConfigurationDelegate - Bootstrapping Spring Data JPA repositories in DEFAULT mode.
09:50:12.640 [main] INFO  o.s.d.r.c.RepositoryConfigurationDelegate - Finished Spring Data repository scanning in 48 ms. Found 1 JPA repository interfaces.
09:50:13.134 [main] INFO  o.s.b.w.e.tomcat.TomcatWebServer - Tomcat initialized with port(s): 9091 (http)
09:50:13.143 [main] INFO  o.a.coyote.http11.Http11NioProtocol - Initializing ProtocolHandler ["http-nio-9091"]
09:50:13.143 [main] INFO  o.a.catalina.core.StandardService - Starting service [Tomcat]
09:50:13.143 [main] INFO  o.a.catalina.core.StandardEngine - Starting Servlet engine: [Apache Tomcat/9.0.54]
09:50:13.253 [main] INFO  o.a.c.c.C.[Tomcat].[localhost].[/] - Initializing Spring embedded WebApplicationContext
09:50:13.253 [main] INFO  o.s.b.w.s.c.ServletWebServerApplicationContext - Root WebApplicationContext: initialization completed in 1623 ms
09:50:13.499 [main] INFO  o.h.jpa.internal.util.LogHelper - HHH000204: Processing PersistenceUnitInfo [name: default]
09:50:13.550 [main] INFO  org.hibernate.Version - HHH000412: Hibernate ORM core version 5.4.32.Final
09:50:13.651 [main] INFO  o.h.annotations.common.Version - HCANN000001: Hibernate Commons Annotations {5.1.2.Final}
09:50:13.742 [main] INFO  com.zaxxer.hikari.HikariDataSource - HikariPool-1 - Starting...
09:50:13.855 [main] INFO  com.zaxxer.hikari.HikariDataSource - HikariPool-1 - Start completed.
09:50:13.873 [main] INFO  org.hibernate.dialect.Dialect - HHH000400: Using dialect: org.hibernate.dialect.PostgreSQLDialect
09:50:14.649 [main] INFO  o.h.e.t.j.p.i.JtaPlatformInitiator - HHH000490: Using JtaPlatform implementation: [org.hibernate.engine.transaction.jta.platform.internal.NoJtaPlatform]
09:50:14.659 [main] INFO  o.s.o.j.LocalContainerEntityManagerFactoryBean - Initialized JPA EntityManagerFactory for persistence unit 'default'
09:50:15.170 [main] WARN  o.s.b.a.o.j.JpaBaseConfiguration$JpaWebConfiguration - spring.jpa.open-in-view is enabled by default. Therefore, database queries may be performed during view rendering. Explicitly configure spring.jpa.open-in-view to disable this warning
09:50:15.343 [main] INFO  o.s.b.a.e.web.EndpointLinksResolver - Exposing 1 endpoint(s) beneath base path '/actuator'
09:50:15.717 [main] INFO  o.a.coyote.http11.Http11NioProtocol - Starting ProtocolHandler ["http-nio-9091"]
09:50:15.749 [main] INFO  o.s.b.w.e.tomcat.TomcatWebServer - Tomcat started on port(s): 9091 (http) with context path ''
09:50:15.750 [main] INFO  s.d.s.w.p.DocumentationPluginsBootstrapper - Context refreshed
09:50:15.766 [main] INFO  s.d.s.w.p.DocumentationPluginsBootstrapper - Found 1 custom documentation plugin(s)
09:50:15.781 [main] INFO  s.d.s.w.s.ApiListingReferenceScanner - Scanning for api listing references
09:50:15.948 [main] INFO  s.d.s.w.r.o.CachingOperationNameGenerator - Generating unique operation named: handleUsingGET_1
09:50:15.983 [main] INFO  node.Application - Started Application in 4.791 seconds (JVM running for 6.179)
09:50:57.842 [main] INFO  node.Application - Starting Application using Java 11.0.12 on MSI with PID 28332 (D:\Perigea\slide\Perigea Tutoring\JavaEE\workspaceJavaEE\MySpringProject\target\classes started by aregu in D:\Perigea\slide\Perigea Tutoring\JavaEE\workspaceJavaEE\MySpringProject)
09:50:57.848 [main] INFO  node.Application - No active profile set, falling back to default profiles: default
09:50:58.671 [main] INFO  o.s.d.r.c.RepositoryConfigurationDelegate - Bootstrapping Spring Data JPA repositories in DEFAULT mode.
09:50:58.714 [main] INFO  o.s.d.r.c.RepositoryConfigurationDelegate - Finished Spring Data repository scanning in 37 ms. Found 1 JPA repository interfaces.
09:50:59.118 [main] INFO  o.s.b.w.e.tomcat.TomcatWebServer - Tomcat initialized with port(s): 9091 (http)
09:50:59.124 [main] INFO  o.a.coyote.http11.Http11NioProtocol - Initializing ProtocolHandler ["http-nio-9091"]
09:50:59.124 [main] INFO  o.a.catalina.core.StandardService - Starting service [Tomcat]
09:50:59.124 [main] INFO  o.a.catalina.core.StandardEngine - Starting Servlet engine: [Apache Tomcat/9.0.54]
09:50:59.228 [main] INFO  o.a.c.c.C.[Tomcat].[localhost].[/] - Initializing Spring embedded WebApplicationContext
09:50:59.228 [main] INFO  o.s.b.w.s.c.ServletWebServerApplicationContext - Root WebApplicationContext: initialization completed in 1344 ms
09:50:59.436 [main] INFO  o.h.jpa.internal.util.LogHelper - HHH000204: Processing PersistenceUnitInfo [name: default]
09:50:59.468 [main] INFO  org.hibernate.Version - HHH000412: Hibernate ORM core version 5.4.32.Final
09:50:59.549 [main] INFO  o.h.annotations.common.Version - HCANN000001: Hibernate Commons Annotations {5.1.2.Final}
09:50:59.618 [main] INFO  com.zaxxer.hikari.HikariDataSource - HikariPool-1 - Starting...
09:50:59.711 [main] INFO  com.zaxxer.hikari.HikariDataSource - HikariPool-1 - Start completed.
09:50:59.723 [main] INFO  org.hibernate.dialect.Dialect - HHH000400: Using dialect: org.hibernate.dialect.PostgreSQLDialect
09:51:00.313 [main] INFO  o.h.e.t.j.p.i.JtaPlatformInitiator - HHH000490: Using JtaPlatform implementation: [org.hibernate.engine.transaction.jta.platform.internal.NoJtaPlatform]
09:51:00.321 [main] INFO  o.s.o.j.LocalContainerEntityManagerFactoryBean - Initialized JPA EntityManagerFactory for persistence unit 'default'
09:51:00.709 [main] WARN  o.s.b.a.o.j.JpaBaseConfiguration$JpaWebConfiguration - spring.jpa.open-in-view is enabled by default. Therefore, database queries may be performed during view rendering. Explicitly configure spring.jpa.open-in-view to disable this warning
09:51:00.852 [main] INFO  o.s.b.a.e.web.EndpointLinksResolver - Exposing 1 endpoint(s) beneath base path '/actuator'
09:51:01.160 [main] INFO  o.a.coyote.http11.Http11NioProtocol - Starting ProtocolHandler ["http-nio-9091"]
09:51:01.182 [main] INFO  o.s.b.w.e.tomcat.TomcatWebServer - Tomcat started on port(s): 9091 (http) with context path ''
09:51:01.183 [main] INFO  s.d.s.w.p.DocumentationPluginsBootstrapper - Context refreshed
09:51:01.194 [main] INFO  s.d.s.w.p.DocumentationPluginsBootstrapper - Found 1 custom documentation plugin(s)
09:51:01.202 [main] INFO  s.d.s.w.s.ApiListingReferenceScanner - Scanning for api listing references
09:51:01.321 [main] INFO  s.d.s.w.r.o.CachingOperationNameGenerator - Generating unique operation named: handleUsingGET_1
09:51:01.349 [main] INFO  node.Application - Started Application in 3.862 seconds (JVM running for 4.92)
09:51:11.963 [http-nio-9091-exec-1] INFO  o.a.c.c.C.[Tomcat].[localhost].[/] - Initializing Spring DispatcherServlet 'dispatcherServlet'
09:51:11.963 [http-nio-9091-exec-1] INFO  o.s.web.servlet.DispatcherServlet - Initializing Servlet 'dispatcherServlet'
09:51:11.965 [http-nio-9091-exec-1] INFO  o.s.web.servlet.DispatcherServlet - Completed initialization in 2 ms
10:11:02.948 [main] INFO  node.Application - Starting Application using Java 11.0.12 on MSI with PID 29648 (D:\Perigea\slide\Perigea Tutoring\JavaEE\workspaceJavaEE\MySpringProject\target\classes started by aregu in D:\Perigea\slide\Perigea Tutoring\JavaEE\workspaceJavaEE\MySpringProject)
10:11:02.955 [main] INFO  node.Application - No active profile set, falling back to default profiles: default
10:11:03.785 [main] INFO  o.s.d.r.c.RepositoryConfigurationDelegate - Bootstrapping Spring Data JPA repositories in DEFAULT mode.
10:11:03.832 [main] INFO  o.s.d.r.c.RepositoryConfigurationDelegate - Finished Spring Data repository scanning in 38 ms. Found 1 JPA repository interfaces.
10:11:04.248 [main] INFO  o.s.b.w.e.tomcat.TomcatWebServer - Tomcat initialized with port(s): 9091 (http)
10:11:04.254 [main] INFO  o.a.coyote.http11.Http11NioProtocol - Initializing ProtocolHandler ["http-nio-9091"]
10:11:04.255 [main] INFO  o.a.catalina.core.StandardService - Starting service [Tomcat]
10:11:04.255 [main] INFO  o.a.catalina.core.StandardEngine - Starting Servlet engine: [Apache Tomcat/9.0.54]
10:11:04.366 [main] INFO  o.a.c.c.C.[Tomcat].[localhost].[/] - Initializing Spring embedded WebApplicationContext
10:11:04.366 [main] INFO  o.s.b.w.s.c.ServletWebServerApplicationContext - Root WebApplicationContext: initialization completed in 1376 ms
10:11:04.579 [main] INFO  o.h.jpa.internal.util.LogHelper - HHH000204: Processing PersistenceUnitInfo [name: default]
10:11:04.614 [main] INFO  org.hibernate.Version - HHH000412: Hibernate ORM core version 5.4.32.Final
10:11:04.700 [main] INFO  o.h.annotations.common.Version - HCANN000001: Hibernate Commons Annotations {5.1.2.Final}
10:11:04.775 [main] INFO  com.zaxxer.hikari.HikariDataSource - HikariPool-1 - Starting...
10:11:04.869 [main] INFO  com.zaxxer.hikari.HikariDataSource - HikariPool-1 - Start completed.
10:11:04.881 [main] INFO  org.hibernate.dialect.Dialect - HHH000400: Using dialect: org.hibernate.dialect.PostgreSQLDialect
10:11:05.497 [main] INFO  o.h.e.t.j.p.i.JtaPlatformInitiator - HHH000490: Using JtaPlatform implementation: [org.hibernate.engine.transaction.jta.platform.internal.NoJtaPlatform]
10:11:05.505 [main] INFO  o.s.o.j.LocalContainerEntityManagerFactoryBean - Initialized JPA EntityManagerFactory for persistence unit 'default'
10:11:05.992 [main] WARN  o.s.b.a.o.j.JpaBaseConfiguration$JpaWebConfiguration - spring.jpa.open-in-view is enabled by default. Therefore, database queries may be performed during view rendering. Explicitly configure spring.jpa.open-in-view to disable this warning
10:11:06.123 [main] INFO  o.s.b.a.e.web.EndpointLinksResolver - Exposing 1 endpoint(s) beneath base path '/actuator'
10:11:06.465 [main] INFO  o.a.coyote.http11.Http11NioProtocol - Starting ProtocolHandler ["http-nio-9091"]
10:11:06.486 [main] INFO  o.s.b.w.e.tomcat.TomcatWebServer - Tomcat started on port(s): 9091 (http) with context path ''
10:11:06.487 [main] INFO  s.d.s.w.p.DocumentationPluginsBootstrapper - Context refreshed
10:11:06.499 [main] INFO  s.d.s.w.p.DocumentationPluginsBootstrapper - Found 1 custom documentation plugin(s)
10:11:06.508 [main] INFO  s.d.s.w.s.ApiListingReferenceScanner - Scanning for api listing references
10:11:06.631 [main] INFO  s.d.s.w.r.o.CachingOperationNameGenerator - Generating unique operation named: handleUsingGET_1
10:11:06.664 [main] INFO  node.Application - Started Application in 4.046 seconds (JVM running for 5.113)
10:11:45.179 [main] INFO  node.Application - Starting Application using Java 11.0.12 on MSI with PID 14920 (D:\Perigea\slide\Perigea Tutoring\JavaEE\workspaceJavaEE\MySpringProject\target\classes started by aregu in D:\Perigea\slide\Perigea Tutoring\JavaEE\workspaceJavaEE\MySpringProject)
10:11:45.185 [main] INFO  node.Application - No active profile set, falling back to default profiles: default
10:11:46.010 [main] INFO  o.s.d.r.c.RepositoryConfigurationDelegate - Bootstrapping Spring Data JPA repositories in DEFAULT mode.
10:11:46.056 [main] INFO  o.s.d.r.c.RepositoryConfigurationDelegate - Finished Spring Data repository scanning in 39 ms. Found 1 JPA repository interfaces.
10:11:46.500 [main] INFO  o.s.b.w.e.tomcat.TomcatWebServer - Tomcat initialized with port(s): 9091 (http)
10:11:46.506 [main] INFO  o.a.coyote.http11.Http11NioProtocol - Initializing ProtocolHandler ["http-nio-9091"]
10:11:46.507 [main] INFO  o.a.catalina.core.StandardService - Starting service [Tomcat]
10:11:46.507 [main] INFO  o.a.catalina.core.StandardEngine - Starting Servlet engine: [Apache Tomcat/9.0.54]
10:11:46.613 [main] INFO  o.a.c.c.C.[Tomcat].[localhost].[/] - Initializing Spring embedded WebApplicationContext
10:11:46.614 [main] INFO  o.s.b.w.s.c.ServletWebServerApplicationContext - Root WebApplicationContext: initialization completed in 1395 ms
10:11:46.810 [main] INFO  o.h.jpa.internal.util.LogHelper - HHH000204: Processing PersistenceUnitInfo [name: default]
10:11:46.850 [main] INFO  org.hibernate.Version - HHH000412: Hibernate ORM core version 5.4.32.Final
10:11:46.935 [main] INFO  o.h.annotations.common.Version - HCANN000001: Hibernate Commons Annotations {5.1.2.Final}
10:11:47.008 [main] INFO  com.zaxxer.hikari.HikariDataSource - HikariPool-1 - Starting...
10:11:47.093 [main] INFO  com.zaxxer.hikari.HikariDataSource - HikariPool-1 - Start completed.
10:11:47.104 [main] INFO  org.hibernate.dialect.Dialect - HHH000400: Using dialect: org.hibernate.dialect.PostgreSQLDialect
10:11:47.701 [main] INFO  o.h.e.t.j.p.i.JtaPlatformInitiator - HHH000490: Using JtaPlatform implementation: [org.hibernate.engine.transaction.jta.platform.internal.NoJtaPlatform]
10:11:47.709 [main] INFO  o.s.o.j.LocalContainerEntityManagerFactoryBean - Initialized JPA EntityManagerFactory for persistence unit 'default'
10:11:48.114 [main] WARN  o.s.b.a.o.j.JpaBaseConfiguration$JpaWebConfiguration - spring.jpa.open-in-view is enabled by default. Therefore, database queries may be performed during view rendering. Explicitly configure spring.jpa.open-in-view to disable this warning
10:11:48.266 [main] INFO  o.s.b.a.e.web.EndpointLinksResolver - Exposing 1 endpoint(s) beneath base path '/actuator'
10:11:48.608 [main] INFO  o.a.coyote.http11.Http11NioProtocol - Starting ProtocolHandler ["http-nio-9091"]
10:11:48.630 [main] INFO  o.s.b.w.e.tomcat.TomcatWebServer - Tomcat started on port(s): 9091 (http) with context path ''
10:11:48.630 [main] INFO  s.d.s.w.p.DocumentationPluginsBootstrapper - Context refreshed
10:11:48.642 [main] INFO  s.d.s.w.p.DocumentationPluginsBootstrapper - Found 1 custom documentation plugin(s)
10:11:48.651 [main] INFO  s.d.s.w.s.ApiListingReferenceScanner - Scanning for api listing references
10:11:48.768 [main] INFO  s.d.s.w.r.o.CachingOperationNameGenerator - Generating unique operation named: handleUsingGET_1
10:11:48.800 [main] INFO  node.Application - Started Application in 3.95 seconds (JVM running for 5.013)
10:12:10.978 [http-nio-9091-exec-1] INFO  o.a.c.c.C.[Tomcat].[localhost].[/] - Initializing Spring DispatcherServlet 'dispatcherServlet'
10:12:10.979 [http-nio-9091-exec-1] INFO  o.s.web.servlet.DispatcherServlet - Initializing Servlet 'dispatcherServlet'
10:12:10.982 [http-nio-9091-exec-1] INFO  o.s.web.servlet.DispatcherServlet - Completed initialization in 3 ms
10:16:53.457 [main] INFO  node.Application - Starting Application using Java 11.0.12 on MSI with PID 2172 (D:\Perigea\slide\Perigea Tutoring\JavaEE\workspaceJavaEE\MySpringProject\target\classes started by aregu in D:\Perigea\slide\Perigea Tutoring\JavaEE\workspaceJavaEE\MySpringProject)
10:16:53.463 [main] INFO  node.Application - No active profile set, falling back to default profiles: default
10:16:54.326 [main] INFO  o.s.d.r.c.RepositoryConfigurationDelegate - Bootstrapping Spring Data JPA repositories in DEFAULT mode.
10:16:54.370 [main] INFO  o.s.d.r.c.RepositoryConfigurationDelegate - Finished Spring Data repository scanning in 37 ms. Found 1 JPA repository interfaces.
10:16:54.761 [main] INFO  o.s.b.w.e.tomcat.TomcatWebServer - Tomcat initialized with port(s): 9091 (http)
10:16:54.768 [main] INFO  o.a.coyote.http11.Http11NioProtocol - Initializing ProtocolHandler ["http-nio-9091"]
10:16:54.768 [main] INFO  o.a.catalina.core.StandardService - Starting service [Tomcat]
10:16:54.768 [main] INFO  o.a.catalina.core.StandardEngine - Starting Servlet engine: [Apache Tomcat/9.0.54]
10:16:54.895 [main] INFO  o.a.c.c.C.[Tomcat].[localhost].[/] - Initializing Spring embedded WebApplicationContext
10:16:54.895 [main] INFO  o.s.b.w.s.c.ServletWebServerApplicationContext - Root WebApplicationContext: initialization completed in 1393 ms
10:16:55.116 [main] INFO  o.h.jpa.internal.util.LogHelper - HHH000204: Processing PersistenceUnitInfo [name: default]
10:16:55.152 [main] INFO  org.hibernate.Version - HHH000412: Hibernate ORM core version 5.4.32.Final
10:16:55.237 [main] INFO  o.h.annotations.common.Version - HCANN000001: Hibernate Commons Annotations {5.1.2.Final}
10:16:55.310 [main] INFO  com.zaxxer.hikari.HikariDataSource - HikariPool-1 - Starting...
10:16:55.411 [main] INFO  com.zaxxer.hikari.HikariDataSource - HikariPool-1 - Start completed.
10:16:55.424 [main] INFO  org.hibernate.dialect.Dialect - HHH000400: Using dialect: org.hibernate.dialect.PostgreSQLDialect
10:16:56.016 [main] INFO  o.h.e.t.j.p.i.JtaPlatformInitiator - HHH000490: Using JtaPlatform implementation: [org.hibernate.engine.transaction.jta.platform.internal.NoJtaPlatform]
10:16:56.024 [main] INFO  o.s.o.j.LocalContainerEntityManagerFactoryBean - Initialized JPA EntityManagerFactory for persistence unit 'default'
10:16:56.393 [main] WARN  o.s.b.a.o.j.JpaBaseConfiguration$JpaWebConfiguration - spring.jpa.open-in-view is enabled by default. Therefore, database queries may be performed during view rendering. Explicitly configure spring.jpa.open-in-view to disable this warning
10:16:56.531 [main] INFO  o.s.b.a.e.web.EndpointLinksResolver - Exposing 1 endpoint(s) beneath base path '/actuator'
10:16:56.850 [main] INFO  o.a.coyote.http11.Http11NioProtocol - Starting ProtocolHandler ["http-nio-9091"]
10:16:56.871 [main] INFO  o.s.b.w.e.tomcat.TomcatWebServer - Tomcat started on port(s): 9091 (http) with context path ''
10:16:56.872 [main] INFO  s.d.s.w.p.DocumentationPluginsBootstrapper - Context refreshed
10:16:56.883 [main] INFO  s.d.s.w.p.DocumentationPluginsBootstrapper - Found 1 custom documentation plugin(s)
10:16:56.892 [main] INFO  s.d.s.w.s.ApiListingReferenceScanner - Scanning for api listing references
10:16:57.015 [main] INFO  s.d.s.w.r.o.CachingOperationNameGenerator - Generating unique operation named: handleUsingGET_1
10:16:57.047 [main] INFO  node.Application - Started Application in 3.92 seconds (JVM running for 5.003)
10:17:03.807 [http-nio-9091-exec-1] INFO  o.a.c.c.C.[Tomcat].[localhost].[/] - Initializing Spring DispatcherServlet 'dispatcherServlet'
10:17:03.808 [http-nio-9091-exec-1] INFO  o.s.web.servlet.DispatcherServlet - Initializing Servlet 'dispatcherServlet'
10:17:03.809 [http-nio-9091-exec-1] INFO  o.s.web.servlet.DispatcherServlet - Completed initialization in 1 ms
10:18:47.312 [main] INFO  node.Application - Starting Application using Java 11.0.12 on MSI with PID 5920 (D:\Perigea\slide\Perigea Tutoring\JavaEE\workspaceJavaEE\MySpringProject\target\classes started by aregu in D:\Perigea\slide\Perigea Tutoring\JavaEE\workspaceJavaEE\MySpringProject)
10:18:47.317 [main] INFO  node.Application - No active profile set, falling back to default profiles: default
10:18:48.224 [main] INFO  o.s.d.r.c.RepositoryConfigurationDelegate - Bootstrapping Spring Data JPA repositories in DEFAULT mode.
10:18:48.273 [main] INFO  o.s.d.r.c.RepositoryConfigurationDelegate - Finished Spring Data repository scanning in 41 ms. Found 1 JPA repository interfaces.
10:18:48.717 [main] INFO  o.s.b.w.e.tomcat.TomcatWebServer - Tomcat initialized with port(s): 9091 (http)
10:18:48.725 [main] INFO  o.a.coyote.http11.Http11NioProtocol - Initializing ProtocolHandler ["http-nio-9091"]
10:18:48.725 [main] INFO  o.a.catalina.core.StandardService - Starting service [Tomcat]
10:18:48.725 [main] INFO  o.a.catalina.core.StandardEngine - Starting Servlet engine: [Apache Tomcat/9.0.54]
10:18:48.851 [main] INFO  o.a.c.c.C.[Tomcat].[localhost].[/] - Initializing Spring embedded WebApplicationContext
10:18:48.851 [main] INFO  o.s.b.w.s.c.ServletWebServerApplicationContext - Root WebApplicationContext: initialization completed in 1498 ms
10:18:49.099 [main] INFO  o.h.jpa.internal.util.LogHelper - HHH000204: Processing PersistenceUnitInfo [name: default]
10:18:49.138 [main] INFO  org.hibernate.Version - HHH000412: Hibernate ORM core version 5.4.32.Final
10:18:49.236 [main] INFO  o.h.annotations.common.Version - HCANN000001: Hibernate Commons Annotations {5.1.2.Final}
10:18:49.322 [main] INFO  com.zaxxer.hikari.HikariDataSource - HikariPool-1 - Starting...
10:18:49.438 [main] INFO  com.zaxxer.hikari.HikariDataSource - HikariPool-1 - Start completed.
10:18:49.453 [main] INFO  org.hibernate.dialect.Dialect - HHH000400: Using dialect: org.hibernate.dialect.PostgreSQLDialect
10:18:50.115 [main] INFO  o.h.e.t.j.p.i.JtaPlatformInitiator - HHH000490: Using JtaPlatform implementation: [org.hibernate.engine.transaction.jta.platform.internal.NoJtaPlatform]
10:18:50.123 [main] INFO  o.s.o.j.LocalContainerEntityManagerFactoryBean - Initialized JPA EntityManagerFactory for persistence unit 'default'
10:18:50.548 [main] WARN  o.s.b.a.o.j.JpaBaseConfiguration$JpaWebConfiguration - spring.jpa.open-in-view is enabled by default. Therefore, database queries may be performed during view rendering. Explicitly configure spring.jpa.open-in-view to disable this warning
10:18:50.698 [main] INFO  o.s.b.a.e.web.EndpointLinksResolver - Exposing 1 endpoint(s) beneath base path '/actuator'
10:18:51.027 [main] INFO  o.a.coyote.http11.Http11NioProtocol - Starting ProtocolHandler ["http-nio-9091"]
10:18:51.049 [main] INFO  o.s.b.w.e.tomcat.TomcatWebServer - Tomcat started on port(s): 9091 (http) with context path ''
10:18:51.050 [main] INFO  s.d.s.w.p.DocumentationPluginsBootstrapper - Context refreshed
10:18:51.062 [main] INFO  s.d.s.w.p.DocumentationPluginsBootstrapper - Found 1 custom documentation plugin(s)
10:18:51.072 [main] INFO  s.d.s.w.s.ApiListingReferenceScanner - Scanning for api listing references
10:18:51.207 [main] INFO  s.d.s.w.r.o.CachingOperationNameGenerator - Generating unique operation named: handleUsingGET_1
10:18:51.240 [main] INFO  node.Application - Started Application in 4.3 seconds (JVM running for 5.568)
10:18:56.454 [http-nio-9091-exec-1] INFO  o.a.c.c.C.[Tomcat].[localhost].[/] - Initializing Spring DispatcherServlet 'dispatcherServlet'
10:18:56.455 [http-nio-9091-exec-1] INFO  o.s.web.servlet.DispatcherServlet - Initializing Servlet 'dispatcherServlet'
10:18:56.457 [http-nio-9091-exec-1] INFO  o.s.web.servlet.DispatcherServlet - Completed initialization in 2 ms
10:21:11.448 [main] INFO  node.Application - Starting Application using Java 11.0.12 on MSI with PID 9304 (D:\Perigea\slide\Perigea Tutoring\JavaEE\workspaceJavaEE\MySpringProject\target\classes started by aregu in D:\Perigea\slide\Perigea Tutoring\JavaEE\workspaceJavaEE\MySpringProject)
10:21:11.454 [main] INFO  node.Application - No active profile set, falling back to default profiles: default
10:21:12.317 [main] INFO  o.s.d.r.c.RepositoryConfigurationDelegate - Bootstrapping Spring Data JPA repositories in DEFAULT mode.
10:21:12.378 [main] INFO  o.s.d.r.c.RepositoryConfigurationDelegate - Finished Spring Data repository scanning in 52 ms. Found 1 JPA repository interfaces.
10:21:12.909 [main] INFO  o.s.b.w.e.tomcat.TomcatWebServer - Tomcat initialized with port(s): 9091 (http)
10:21:12.921 [main] INFO  o.a.coyote.http11.Http11NioProtocol - Initializing ProtocolHandler ["http-nio-9091"]
10:21:12.922 [main] INFO  o.a.catalina.core.StandardService - Starting service [Tomcat]
10:21:12.922 [main] INFO  o.a.catalina.core.StandardEngine - Starting Servlet engine: [Apache Tomcat/9.0.54]
10:21:13.063 [main] INFO  o.a.c.c.C.[Tomcat].[localhost].[/] - Initializing Spring embedded WebApplicationContext
10:21:13.063 [main] INFO  o.s.b.w.s.c.ServletWebServerApplicationContext - Root WebApplicationContext: initialization completed in 1573 ms
10:21:13.333 [main] INFO  o.h.jpa.internal.util.LogHelper - HHH000204: Processing PersistenceUnitInfo [name: default]
10:21:13.380 [main] INFO  org.hibernate.Version - HHH000412: Hibernate ORM core version 5.4.32.Final
10:21:13.497 [main] INFO  o.h.annotations.common.Version - HCANN000001: Hibernate Commons Annotations {5.1.2.Final}
10:21:13.592 [main] INFO  com.zaxxer.hikari.HikariDataSource - HikariPool-1 - Starting...
10:21:13.703 [main] INFO  com.zaxxer.hikari.HikariDataSource - HikariPool-1 - Start completed.
10:21:13.722 [main] INFO  org.hibernate.dialect.Dialect - HHH000400: Using dialect: org.hibernate.dialect.PostgreSQLDialect
10:21:14.554 [main] INFO  o.h.e.t.j.p.i.JtaPlatformInitiator - HHH000490: Using JtaPlatform implementation: [org.hibernate.engine.transaction.jta.platform.internal.NoJtaPlatform]
10:21:14.563 [main] INFO  o.s.o.j.LocalContainerEntityManagerFactoryBean - Initialized JPA EntityManagerFactory for persistence unit 'default'
10:21:15.107 [main] WARN  o.s.b.a.o.j.JpaBaseConfiguration$JpaWebConfiguration - spring.jpa.open-in-view is enabled by default. Therefore, database queries may be performed during view rendering. Explicitly configure spring.jpa.open-in-view to disable this warning
10:21:15.287 [main] INFO  o.s.b.a.e.web.EndpointLinksResolver - Exposing 1 endpoint(s) beneath base path '/actuator'
10:21:15.736 [main] INFO  o.a.coyote.http11.Http11NioProtocol - Starting ProtocolHandler ["http-nio-9091"]
10:21:15.743 [main] WARN  o.s.b.w.s.c.AnnotationConfigServletWebServerApplicationContext - Exception encountered during context initialization - cancelling refresh attempt: org.springframework.context.ApplicationContextException: Failed to start bean 'webServerStartStop'; nested exception is org.springframework.boot.web.server.PortInUseException: Port 9091 is already in use
10:21:15.747 [main] INFO  o.s.o.j.LocalContainerEntityManagerFactoryBean - Closing JPA EntityManagerFactory for persistence unit 'default'
10:21:15.749 [main] INFO  com.zaxxer.hikari.HikariDataSource - HikariPool-1 - Shutdown initiated...
10:21:15.758 [main] INFO  com.zaxxer.hikari.HikariDataSource - HikariPool-1 - Shutdown completed.
10:21:15.764 [main] INFO  o.a.coyote.http11.Http11NioProtocol - Pausing ProtocolHandler ["http-nio-9091"]
10:21:15.764 [main] INFO  o.a.catalina.core.StandardService - Stopping service [Tomcat]
10:21:15.769 [main] INFO  o.a.coyote.http11.Http11NioProtocol - Stopping ProtocolHandler ["http-nio-9091"]
10:21:15.769 [main] INFO  o.a.coyote.http11.Http11NioProtocol - Destroying ProtocolHandler ["http-nio-9091"]
10:21:15.787 [main] INFO  o.s.b.a.l.ConditionEvaluationReportLoggingListener - 

Error starting ApplicationContext. To display the conditions report re-run your application with 'debug' enabled.
10:21:15.804 [main] ERROR o.s.b.d.LoggingFailureAnalysisReporter - 

***************************
APPLICATION FAILED TO START
***************************

Description:

Web server failed to start. Port 9091 was already in use.

Action:

Identify and stop the process that's listening on port 9091 or configure this application to listen on another port.

10:21:35.844 [main] INFO  node.Application - Starting Application using Java 11.0.12 on MSI with PID 24772 (D:\Perigea\slide\Perigea Tutoring\JavaEE\workspaceJavaEE\MySpringProject\target\classes started by aregu in D:\Perigea\slide\Perigea Tutoring\JavaEE\workspaceJavaEE\MySpringProject)
10:21:35.852 [main] INFO  node.Application - No active profile set, falling back to default profiles: default
10:21:37.028 [main] INFO  o.s.d.r.c.RepositoryConfigurationDelegate - Bootstrapping Spring Data JPA repositories in DEFAULT mode.
10:21:37.086 [main] INFO  o.s.d.r.c.RepositoryConfigurationDelegate - Finished Spring Data repository scanning in 49 ms. Found 1 JPA repository interfaces.
10:21:37.603 [main] INFO  o.s.b.w.e.tomcat.TomcatWebServer - Tomcat initialized with port(s): 9091 (http)
10:21:37.612 [main] INFO  o.a.coyote.http11.Http11NioProtocol - Initializing ProtocolHandler ["http-nio-9091"]
10:21:37.612 [main] INFO  o.a.catalina.core.StandardService - Starting service [Tomcat]
10:21:37.612 [main] INFO  o.a.catalina.core.StandardEngine - Starting Servlet engine: [Apache Tomcat/9.0.54]
10:21:37.797 [main] INFO  o.a.c.c.C.[Tomcat].[localhost].[/] - Initializing Spring embedded WebApplicationContext
10:21:37.798 [main] INFO  o.s.b.w.s.c.ServletWebServerApplicationContext - Root WebApplicationContext: initialization completed in 1898 ms
10:21:38.110 [main] INFO  o.h.jpa.internal.util.LogHelper - HHH000204: Processing PersistenceUnitInfo [name: default]
10:21:38.283 [main] INFO  org.hibernate.Version - HHH000412: Hibernate ORM core version 5.4.32.Final
10:21:38.401 [main] INFO  o.h.annotations.common.Version - HCANN000001: Hibernate Commons Annotations {5.1.2.Final}
10:21:38.508 [main] INFO  com.zaxxer.hikari.HikariDataSource - HikariPool-1 - Starting...
10:21:38.626 [main] INFO  com.zaxxer.hikari.HikariDataSource - HikariPool-1 - Start completed.
10:21:38.647 [main] INFO  org.hibernate.dialect.Dialect - HHH000400: Using dialect: org.hibernate.dialect.PostgreSQLDialect
10:21:39.523 [main] INFO  o.h.e.t.j.p.i.JtaPlatformInitiator - HHH000490: Using JtaPlatform implementation: [org.hibernate.engine.transaction.jta.platform.internal.NoJtaPlatform]
10:21:39.533 [main] INFO  o.s.o.j.LocalContainerEntityManagerFactoryBean - Initialized JPA EntityManagerFactory for persistence unit 'default'
10:21:40.044 [main] WARN  o.s.b.a.o.j.JpaBaseConfiguration$JpaWebConfiguration - spring.jpa.open-in-view is enabled by default. Therefore, database queries may be performed during view rendering. Explicitly configure spring.jpa.open-in-view to disable this warning
10:21:40.211 [main] INFO  o.s.b.a.e.web.EndpointLinksResolver - Exposing 1 endpoint(s) beneath base path '/actuator'
10:21:40.647 [main] INFO  o.a.coyote.http11.Http11NioProtocol - Starting ProtocolHandler ["http-nio-9091"]
10:21:40.676 [main] INFO  o.s.b.w.e.tomcat.TomcatWebServer - Tomcat started on port(s): 9091 (http) with context path ''
10:21:40.678 [main] INFO  s.d.s.w.p.DocumentationPluginsBootstrapper - Context refreshed
10:21:40.693 [main] INFO  s.d.s.w.p.DocumentationPluginsBootstrapper - Found 1 custom documentation plugin(s)
10:21:40.706 [main] INFO  s.d.s.w.s.ApiListingReferenceScanner - Scanning for api listing references
10:21:40.874 [main] INFO  s.d.s.w.r.o.CachingOperationNameGenerator - Generating unique operation named: handleUsingGET_1
10:21:40.923 [main] INFO  node.Application - Started Application in 5.497 seconds (JVM running for 6.957)
10:21:49.401 [http-nio-9091-exec-1] INFO  o.a.c.c.C.[Tomcat].[localhost].[/] - Initializing Spring DispatcherServlet 'dispatcherServlet'
10:21:49.403 [http-nio-9091-exec-1] INFO  o.s.web.servlet.DispatcherServlet - Initializing Servlet 'dispatcherServlet'
10:21:49.404 [http-nio-9091-exec-1] INFO  o.s.web.servlet.DispatcherServlet - Completed initialization in 1 ms
10:25:04.889 [main] INFO  node.Application - Starting Application using Java 11.0.12 on MSI with PID 11636 (D:\Perigea\slide\Perigea Tutoring\JavaEE\workspaceJavaEE\MySpringProject\target\classes started by aregu in D:\Perigea\slide\Perigea Tutoring\JavaEE\workspaceJavaEE\MySpringProject)
10:25:04.893 [main] INFO  node.Application - No active profile set, falling back to default profiles: default
10:25:05.966 [main] INFO  o.s.d.r.c.RepositoryConfigurationDelegate - Bootstrapping Spring Data JPA repositories in DEFAULT mode.
10:25:06.013 [main] INFO  o.s.d.r.c.RepositoryConfigurationDelegate - Finished Spring Data repository scanning in 40 ms. Found 1 JPA repository interfaces.
10:25:06.538 [main] INFO  o.s.b.w.e.tomcat.TomcatWebServer - Tomcat initialized with port(s): 9091 (http)
10:25:06.545 [main] INFO  o.a.coyote.http11.Http11NioProtocol - Initializing ProtocolHandler ["http-nio-9091"]
10:25:06.545 [main] INFO  o.a.catalina.core.StandardService - Starting service [Tomcat]
10:25:06.546 [main] INFO  o.a.catalina.core.StandardEngine - Starting Servlet engine: [Apache Tomcat/9.0.54]
10:25:06.658 [main] INFO  o.a.c.c.C.[Tomcat].[localhost].[/] - Initializing Spring embedded WebApplicationContext
10:25:06.658 [main] INFO  o.s.b.w.s.c.ServletWebServerApplicationContext - Root WebApplicationContext: initialization completed in 1717 ms
10:25:06.938 [main] INFO  o.h.jpa.internal.util.LogHelper - HHH000204: Processing PersistenceUnitInfo [name: default]
10:25:06.984 [main] INFO  org.hibernate.Version - HHH000412: Hibernate ORM core version 5.4.32.Final
10:25:07.087 [main] INFO  o.h.annotations.common.Version - HCANN000001: Hibernate Commons Annotations {5.1.2.Final}
10:25:07.179 [main] INFO  com.zaxxer.hikari.HikariDataSource - HikariPool-1 - Starting...
10:25:07.286 [main] INFO  com.zaxxer.hikari.HikariDataSource - HikariPool-1 - Start completed.
10:25:07.306 [main] INFO  org.hibernate.dialect.Dialect - HHH000400: Using dialect: org.hibernate.dialect.PostgreSQLDialect
10:25:08.131 [main] INFO  o.h.e.t.j.p.i.JtaPlatformInitiator - HHH000490: Using JtaPlatform implementation: [org.hibernate.engine.transaction.jta.platform.internal.NoJtaPlatform]
10:25:08.143 [main] INFO  o.s.o.j.LocalContainerEntityManagerFactoryBean - Initialized JPA EntityManagerFactory for persistence unit 'default'
10:25:08.684 [main] WARN  o.s.b.a.o.j.JpaBaseConfiguration$JpaWebConfiguration - spring.jpa.open-in-view is enabled by default. Therefore, database queries may be performed during view rendering. Explicitly configure spring.jpa.open-in-view to disable this warning
10:25:08.895 [main] INFO  o.s.b.a.e.web.EndpointLinksResolver - Exposing 1 endpoint(s) beneath base path '/actuator'
10:25:09.363 [main] INFO  o.a.coyote.http11.Http11NioProtocol - Starting ProtocolHandler ["http-nio-9091"]
10:25:09.399 [main] INFO  o.s.b.w.e.tomcat.TomcatWebServer - Tomcat started on port(s): 9091 (http) with context path ''
10:25:09.401 [main] INFO  s.d.s.w.p.DocumentationPluginsBootstrapper - Context refreshed
10:25:09.423 [main] INFO  s.d.s.w.p.DocumentationPluginsBootstrapper - Found 1 custom documentation plugin(s)
10:25:09.442 [main] INFO  s.d.s.w.s.ApiListingReferenceScanner - Scanning for api listing references
10:25:09.608 [main] INFO  s.d.s.w.r.o.CachingOperationNameGenerator - Generating unique operation named: handleUsingGET_1
10:25:09.654 [main] INFO  node.Application - Started Application in 5.164 seconds (JVM running for 6.598)
10:25:16.516 [http-nio-9091-exec-1] INFO  o.a.c.c.C.[Tomcat].[localhost].[/] - Initializing Spring DispatcherServlet 'dispatcherServlet'
10:25:16.516 [http-nio-9091-exec-1] INFO  o.s.web.servlet.DispatcherServlet - Initializing Servlet 'dispatcherServlet'
10:25:16.517 [http-nio-9091-exec-1] INFO  o.s.web.servlet.DispatcherServlet - Completed initialization in 1 ms
10:28:32.539 [main] INFO  node.Application - Starting Application using Java 11.0.12 on MSI with PID 23988 (D:\Perigea\slide\Perigea Tutoring\JavaEE\workspaceJavaEE\MySpringProject\target\classes started by aregu in D:\Perigea\slide\Perigea Tutoring\JavaEE\workspaceJavaEE\MySpringProject)
10:28:32.541 [main] INFO  node.Application - No active profile set, falling back to default profiles: default
10:28:33.329 [main] INFO  o.s.d.r.c.RepositoryConfigurationDelegate - Bootstrapping Spring Data JPA repositories in DEFAULT mode.
10:28:33.371 [main] INFO  o.s.d.r.c.RepositoryConfigurationDelegate - Finished Spring Data repository scanning in 35 ms. Found 1 JPA repository interfaces.
10:28:33.725 [main] INFO  o.s.b.w.e.tomcat.TomcatWebServer - Tomcat initialized with port(s): 9091 (http)
10:28:33.731 [main] INFO  o.a.coyote.http11.Http11NioProtocol - Initializing ProtocolHandler ["http-nio-9091"]
10:28:33.731 [main] INFO  o.a.catalina.core.StandardService - Starting service [Tomcat]
10:28:33.732 [main] INFO  o.a.catalina.core.StandardEngine - Starting Servlet engine: [Apache Tomcat/9.0.54]
10:28:33.862 [main] INFO  o.a.c.c.C.[Tomcat].[localhost].[/] - Initializing Spring embedded WebApplicationContext
10:28:33.862 [main] INFO  o.s.b.w.s.c.ServletWebServerApplicationContext - Root WebApplicationContext: initialization completed in 1286 ms
10:28:34.055 [main] INFO  o.h.jpa.internal.util.LogHelper - HHH000204: Processing PersistenceUnitInfo [name: default]
10:28:34.095 [main] INFO  org.hibernate.Version - HHH000412: Hibernate ORM core version 5.4.32.Final
10:28:34.181 [main] INFO  o.h.annotations.common.Version - HCANN000001: Hibernate Commons Annotations {5.1.2.Final}
10:28:34.252 [main] INFO  com.zaxxer.hikari.HikariDataSource - HikariPool-1 - Starting...
10:28:34.353 [main] INFO  com.zaxxer.hikari.HikariDataSource - HikariPool-1 - Start completed.
10:28:34.365 [main] INFO  org.hibernate.dialect.Dialect - HHH000400: Using dialect: org.hibernate.dialect.PostgreSQLDialect
10:28:34.977 [main] INFO  o.h.e.t.j.p.i.JtaPlatformInitiator - HHH000490: Using JtaPlatform implementation: [org.hibernate.engine.transaction.jta.platform.internal.NoJtaPlatform]
10:28:34.985 [main] INFO  o.s.o.j.LocalContainerEntityManagerFactoryBean - Initialized JPA EntityManagerFactory for persistence unit 'default'
10:28:35.319 [main] WARN  o.s.b.a.o.j.JpaBaseConfiguration$JpaWebConfiguration - spring.jpa.open-in-view is enabled by default. Therefore, database queries may be performed during view rendering. Explicitly configure spring.jpa.open-in-view to disable this warning
10:28:35.447 [main] INFO  o.s.b.a.e.web.EndpointLinksResolver - Exposing 1 endpoint(s) beneath base path '/actuator'
10:28:35.733 [main] INFO  o.a.coyote.http11.Http11NioProtocol - Starting ProtocolHandler ["http-nio-9091"]
10:28:35.755 [main] INFO  o.s.b.w.e.tomcat.TomcatWebServer - Tomcat started on port(s): 9091 (http) with context path ''
10:28:35.755 [main] INFO  s.d.s.w.p.DocumentationPluginsBootstrapper - Context refreshed
10:28:35.766 [main] INFO  s.d.s.w.p.DocumentationPluginsBootstrapper - Found 1 custom documentation plugin(s)
10:28:35.774 [main] INFO  s.d.s.w.s.ApiListingReferenceScanner - Scanning for api listing references
10:28:35.890 [main] INFO  s.d.s.w.r.o.CachingOperationNameGenerator - Generating unique operation named: handleUsingGET_1
10:28:35.922 [main] INFO  node.Application - Started Application in 3.699 seconds (JVM running for 4.654)
10:28:38.439 [http-nio-9091-exec-1] INFO  o.a.c.c.C.[Tomcat].[localhost].[/] - Initializing Spring DispatcherServlet 'dispatcherServlet'
10:28:38.440 [http-nio-9091-exec-1] INFO  o.s.web.servlet.DispatcherServlet - Initializing Servlet 'dispatcherServlet'
10:28:38.442 [http-nio-9091-exec-1] INFO  o.s.web.servlet.DispatcherServlet - Completed initialization in 1 ms
10:34:52.742 [RMI TCP Connection(2)-127.0.0.1] INFO  o.s.b.a.SpringApplicationAdminMXBeanRegistrar$SpringApplicationAdmin - Application shutdown requested.
10:34:53.131 [RMI TCP Connection(2)-127.0.0.1] INFO  o.s.o.j.LocalContainerEntityManagerFactoryBean - Closing JPA EntityManagerFactory for persistence unit 'default'
10:34:53.134 [RMI TCP Connection(2)-127.0.0.1] INFO  com.zaxxer.hikari.HikariDataSource - HikariPool-1 - Shutdown initiated...
10:34:53.144 [RMI TCP Connection(2)-127.0.0.1] INFO  com.zaxxer.hikari.HikariDataSource - HikariPool-1 - Shutdown completed.
10:34:58.117 [main] INFO  node.Application - Starting Application using Java 11.0.12 on MSI with PID 25356 (D:\Perigea\slide\Perigea Tutoring\JavaEE\workspaceJavaEE\MySpringProject\target\classes started by aregu in D:\Perigea\slide\Perigea Tutoring\JavaEE\workspaceJavaEE\MySpringProject)
10:34:58.119 [main] INFO  node.Application - No active profile set, falling back to default profiles: default
10:34:58.981 [main] INFO  o.s.d.r.c.RepositoryConfigurationDelegate - Bootstrapping Spring Data JPA repositories in DEFAULT mode.
10:34:59.028 [main] INFO  o.s.d.r.c.RepositoryConfigurationDelegate - Finished Spring Data repository scanning in 39 ms. Found 1 JPA repository interfaces.
10:34:59.461 [main] INFO  o.s.b.w.e.tomcat.TomcatWebServer - Tomcat initialized with port(s): 9091 (http)
10:34:59.495 [main] INFO  o.a.coyote.http11.Http11NioProtocol - Initializing ProtocolHandler ["http-nio-9091"]
10:34:59.496 [main] INFO  o.a.catalina.core.StandardService - Starting service [Tomcat]
10:34:59.496 [main] INFO  o.a.catalina.core.StandardEngine - Starting Servlet engine: [Apache Tomcat/9.0.54]
10:34:59.605 [main] INFO  o.a.c.c.C.[Tomcat].[localhost].[/] - Initializing Spring embedded WebApplicationContext
10:34:59.605 [main] INFO  o.s.b.w.s.c.ServletWebServerApplicationContext - Root WebApplicationContext: initialization completed in 1450 ms
10:34:59.818 [main] INFO  o.h.jpa.internal.util.LogHelper - HHH000204: Processing PersistenceUnitInfo [name: default]
10:34:59.854 [main] INFO  org.hibernate.Version - HHH000412: Hibernate ORM core version 5.4.32.Final
10:34:59.946 [main] INFO  o.h.annotations.common.Version - HCANN000001: Hibernate Commons Annotations {5.1.2.Final}
10:35:00.026 [main] INFO  com.zaxxer.hikari.HikariDataSource - HikariPool-1 - Starting...
10:35:00.223 [main] INFO  com.zaxxer.hikari.HikariDataSource - HikariPool-1 - Start completed.
10:35:00.234 [main] INFO  org.hibernate.dialect.Dialect - HHH000400: Using dialect: org.hibernate.dialect.PostgreSQLDialect
10:35:00.911 [main] INFO  o.h.e.t.j.p.i.JtaPlatformInitiator - HHH000490: Using JtaPlatform implementation: [org.hibernate.engine.transaction.jta.platform.internal.NoJtaPlatform]
10:35:00.920 [main] INFO  o.s.o.j.LocalContainerEntityManagerFactoryBean - Initialized JPA EntityManagerFactory for persistence unit 'default'
10:35:01.322 [main] WARN  o.s.b.a.o.j.JpaBaseConfiguration$JpaWebConfiguration - spring.jpa.open-in-view is enabled by default. Therefore, database queries may be performed during view rendering. Explicitly configure spring.jpa.open-in-view to disable this warning
10:35:01.499 [main] INFO  o.s.b.a.e.web.EndpointLinksResolver - Exposing 1 endpoint(s) beneath base path '/actuator'
10:35:01.840 [main] INFO  o.a.coyote.http11.Http11NioProtocol - Starting ProtocolHandler ["http-nio-9091"]
10:35:01.860 [main] INFO  o.s.b.w.e.tomcat.TomcatWebServer - Tomcat started on port(s): 9091 (http) with context path ''
10:35:01.861 [main] INFO  s.d.s.w.p.DocumentationPluginsBootstrapper - Context refreshed
10:35:01.873 [main] INFO  s.d.s.w.p.DocumentationPluginsBootstrapper - Found 1 custom documentation plugin(s)
10:35:01.881 [main] INFO  s.d.s.w.s.ApiListingReferenceScanner - Scanning for api listing references
10:35:01.999 [main] INFO  s.d.s.w.r.o.CachingOperationNameGenerator - Generating unique operation named: handleUsingGET_1
10:35:02.032 [main] INFO  node.Application - Started Application in 4.26 seconds (JVM running for 5.334)
10:35:13.873 [http-nio-9091-exec-2] INFO  o.a.c.c.C.[Tomcat].[localhost].[/] - Initializing Spring DispatcherServlet 'dispatcherServlet'
10:35:13.874 [http-nio-9091-exec-2] INFO  o.s.web.servlet.DispatcherServlet - Initializing Servlet 'dispatcherServlet'
10:35:13.875 [http-nio-9091-exec-2] INFO  o.s.web.servlet.DispatcherServlet - Completed initialization in 1 ms
10:35:13.895 [http-nio-9091-exec-2] INFO  node.controller.RuoloController - getListRuoli - START
10:35:14.012 [http-nio-9091-exec-2] INFO  node.controller.RuoloController - getListRuoli - response of count : 1
10:54:51.210 [RMI TCP Connection(2)-127.0.0.1] INFO  o.s.b.a.SpringApplicationAdminMXBeanRegistrar$SpringApplicationAdmin - Application shutdown requested.
10:54:51.619 [RMI TCP Connection(2)-127.0.0.1] INFO  o.s.o.j.LocalContainerEntityManagerFactoryBean - Closing JPA EntityManagerFactory for persistence unit 'default'
10:54:51.624 [RMI TCP Connection(2)-127.0.0.1] INFO  com.zaxxer.hikari.HikariDataSource - HikariPool-1 - Shutdown initiated...
10:54:51.637 [RMI TCP Connection(2)-127.0.0.1] INFO  com.zaxxer.hikari.HikariDataSource - HikariPool-1 - Shutdown completed.
10:54:57.188 [main] INFO  node.Application - Starting Application using Java 11.0.12 on MSI with PID 15488 (D:\Perigea\slide\Perigea Tutoring\JavaEE\workspaceJavaEE\MySpringProject\target\classes started by aregu in D:\Perigea\slide\Perigea Tutoring\JavaEE\workspaceJavaEE\MySpringProject)
10:54:57.190 [main] INFO  node.Application - No active profile set, falling back to default profiles: default
10:54:58.068 [main] INFO  o.s.d.r.c.RepositoryConfigurationDelegate - Bootstrapping Spring Data JPA repositories in DEFAULT mode.
10:54:58.121 [main] INFO  o.s.d.r.c.RepositoryConfigurationDelegate - Finished Spring Data repository scanning in 46 ms. Found 2 JPA repository interfaces.
10:54:58.507 [main] INFO  o.s.b.w.e.tomcat.TomcatWebServer - Tomcat initialized with port(s): 9091 (http)
10:54:58.512 [main] INFO  o.a.coyote.http11.Http11NioProtocol - Initializing ProtocolHandler ["http-nio-9091"]
10:54:58.513 [main] INFO  o.a.catalina.core.StandardService - Starting service [Tomcat]
10:54:58.513 [main] INFO  o.a.catalina.core.StandardEngine - Starting Servlet engine: [Apache Tomcat/9.0.54]
10:54:58.622 [main] INFO  o.a.c.c.C.[Tomcat].[localhost].[/] - Initializing Spring embedded WebApplicationContext
10:54:58.622 [main] INFO  o.s.b.w.s.c.ServletWebServerApplicationContext - Root WebApplicationContext: initialization completed in 1392 ms
10:54:58.835 [main] INFO  o.h.jpa.internal.util.LogHelper - HHH000204: Processing PersistenceUnitInfo [name: default]
10:54:58.871 [main] INFO  org.hibernate.Version - HHH000412: Hibernate ORM core version 5.4.32.Final
10:54:58.957 [main] INFO  o.h.annotations.common.Version - HCANN000001: Hibernate Commons Annotations {5.1.2.Final}
10:54:59.040 [main] INFO  com.zaxxer.hikari.HikariDataSource - HikariPool-1 - Starting...
10:54:59.135 [main] INFO  com.zaxxer.hikari.HikariDataSource - HikariPool-1 - Start completed.
10:54:59.147 [main] INFO  org.hibernate.dialect.Dialect - HHH000400: Using dialect: org.hibernate.dialect.PostgreSQLDialect
10:54:59.805 [main] INFO  o.h.e.t.j.p.i.JtaPlatformInitiator - HHH000490: Using JtaPlatform implementation: [org.hibernate.engine.transaction.jta.platform.internal.NoJtaPlatform]
10:54:59.813 [main] INFO  o.s.o.j.LocalContainerEntityManagerFactoryBean - Initialized JPA EntityManagerFactory for persistence unit 'default'
10:55:00.243 [main] WARN  o.s.b.a.o.j.JpaBaseConfiguration$JpaWebConfiguration - spring.jpa.open-in-view is enabled by default. Therefore, database queries may be performed during view rendering. Explicitly configure spring.jpa.open-in-view to disable this warning
10:55:00.390 [main] INFO  o.s.b.a.e.web.EndpointLinksResolver - Exposing 1 endpoint(s) beneath base path '/actuator'
10:55:00.743 [main] INFO  o.a.coyote.http11.Http11NioProtocol - Starting ProtocolHandler ["http-nio-9091"]
10:55:00.763 [main] INFO  o.s.b.w.e.tomcat.TomcatWebServer - Tomcat started on port(s): 9091 (http) with context path ''
10:55:00.765 [main] INFO  s.d.s.w.p.DocumentationPluginsBootstrapper - Context refreshed
10:55:00.776 [main] INFO  s.d.s.w.p.DocumentationPluginsBootstrapper - Found 1 custom documentation plugin(s)
10:55:00.783 [main] INFO  s.d.s.w.s.ApiListingReferenceScanner - Scanning for api listing references
10:55:00.905 [main] INFO  s.d.s.w.r.o.CachingOperationNameGenerator - Generating unique operation named: handleUsingGET_1
10:55:00.956 [main] INFO  node.Application - Started Application in 4.116 seconds (JVM running for 5.184)
10:55:17.674 [http-nio-9091-exec-2] INFO  o.a.c.c.C.[Tomcat].[localhost].[/] - Initializing Spring DispatcherServlet 'dispatcherServlet'
10:55:17.674 [http-nio-9091-exec-2] INFO  o.s.web.servlet.DispatcherServlet - Initializing Servlet 'dispatcherServlet'
10:55:17.675 [http-nio-9091-exec-2] INFO  o.s.web.servlet.DispatcherServlet - Completed initialization in 0 ms
